ERROR: Faulty record in data_c1.txt9146.91258N7 id:404hhtbn
ERROR: Faulty record in data_c1.txt17680.85482R85 id:xrrod4cr
ERROR: Faulty record in data_c1.txt13764.3274R76 id:r58b29a6
ERROR: Faulty record in data_c1.txt3834.0908o69 id:z3en3jaq
ERROR: Faulty record in data_c1.txt51621.696797d48 id:ztmjt7pg
ERROR: Faulty record in data_c1.txt36288.016x18 id:wki5ftmv
ERROR: Faulty record in data_c1.txt14951.555C2 id:az84lk9k
ERROR: Faulty record in data_c1.txt3141.47V52 id:jy4p4pm3
ERROR: Faulty record in data_c1.txt42842.242c8 id:v4wlcc29
ERROR: Faulty record in data_c1.txt27931.14x45 id:j2tchzr0
ERROR: Faulty record in data_c1.txt18660.665Q37 id:f5btha31
ERROR: Faulty record in data_c1.txt20773.52W15 id:u5qkuwy7
ERROR: Faulty record in data_c1.txt29969.31b76 id:xogkrn09
ERROR: Faulty record in data_c1.txt15027.2202b95 id:gix7hlq4
ERROR: Faulty record in data_c1.txt9874.5946R39 id:zavld3a3
ERROR: Faulty record in data_c1.txt46206.838752O27 id:edp59505
ERROR: Faulty record in data_c1.txt24175.07K10 id:xx8vxmqf
ERROR: Faulty record in data_c1.txt50525.76I67 id:t5ednxu5
ERROR: Faulty record in data_c1.txt19707.55s27 id:apv45s12
ERROR: Faulty record in data_c1.txt26652.8v79 id:dwzmwfdz
ERROR: Faulty record in data_c1.txt1538.190994n84 id:cdf3uf2l
ERROR: Faulty record in data_c1.txt31448.4673M74 id:i4gmywlk
ERROR: Faulty record in data_c1.txt15665.01831c33 id:5lejahmc
ERROR: Faulty record in data_c1.txt35619.518999u64 id:ihjj83ss
ERROR: Faulty record in data_c1.txt21871.2004V78 id:rg5p5ngi
ERROR: Faulty record in data_c1.txt41777.382s15 id:4nr2jjr4
ERROR: Faulty record in data_c1.txt26716.787104h77 id:yb2vloqy
ERROR: Faulty record in data_c1.txt53924.773363W14 id:47glezre
ERROR: Faulty record in data_c1.txt48670.308c27 id:1e6ankip
ERROR: Faulty record in data_c1.txt13113.5911j65 id:6rfrod2b
ERROR: Faulty record in data_c1.txt32433.81q7 id:srzd0hoj
ERROR: Faulty record in data_c1.txt17346.91384g89 id:lyvf7iva
ERROR: Faulty record in data_c1.txt32445.536z27 id:vkdf1xvo
ERROR: Faulty record in data_c1.txt34231.244624D58 id:q7x5lo7q
ERROR: Faulty record in data_c1.txt31835.29K79 id:z8zikdoc
ERROR: Faulty record in data_c1.txt41291.04133t33 id:tqzqfjyv
ERROR: Faulty record in data_c1.txt43640.46M3 id:s65j5nt7
ERROR: Faulty record in data_c1.txt34814.453K30 id:629wa2mo
ERROR: Faulty record in data_c1.txt37006.05z99 id:w5g2vyg8
ERROR: Faulty record in data_c1.txt8090.58V87 id:f2zu3b0n
ERROR: Faulty record in data_c1.txt25311.0855G4 id:mt0sqmhs
ERROR: Faulty record in data_c1.txt37769.67207I4 id:0htk5c7b
ERROR: Faulty record in data_c1.txt17216.995662P5 id:4itgmv1u
ERROR: Faulty record in data_c1.txt18189.738a68 id:4ldjdp8t
ERROR: Faulty record in data_c1.txt36728.099b66 id:4l6b92c5
ERROR: Faulty record in data_c1.txt6807.54V49 id:f1t26a3a
ERROR: Faulty record in data_c1.txt51896.77F65 id:wi4lkcfl
ERROR: Faulty record in data_c1.txt44277.90944H43 id:3tq4fc3i
ERROR: Faulty record in data_c1.txt25760.058907X69 id:mvl702k2
ERROR: Faulty record in data_c1.txt42787.671p27 id:0fghjn81
ERROR: Faulty record in data_c1.txt30220.375x5 id:7t0pin5n
ERROR: Faulty record in data_c1.txt26320.70877C56 id:14jtob1c
ERROR: Faulty record in data_c1.txt32113.549462L13 id:pyk45x8i
ERROR: Faulty record in data_c1.txt43659.14503C7 id:ttjow5h2
ERROR: Faulty record in data_c1.txt8200.819396v82 id:wlujkn24
ERROR: Faulty record in data_c1.txt45228.61011x43 id:exs6ix53
ERROR: Faulty record in data_c1.txt4661.374272K21 id:gujajbn2
ERROR: Faulty record in data_c1.txt21271.86H48 id:cboab2ch
ERROR: Faulty record in data_c1.txt11232.726W32 id:ld71p0pm
ERROR: Faulty record in data_c1.txt12560.31J37 id:lnskrier
ERROR: Faulty record in data_c1.txt40431.6521d82 id:f9xjtwh7
ERROR: Faulty record in data_c1.txt33701.7A89 id:wkm4v4jk
ERROR: Faulty record in data_c1.txt7870.29S97 id:xkqbvj70
ERROR: Faulty record in data_c1.txt16331.879J62 id:afrxhcn0
ERROR: Faulty record in data_c1.txt8444.6973f88 id:1j59txmj
ERROR: Faulty record in data_c1.txt30691.86942y34 id:ofi14emi
ERROR: Faulty record in data_c1.txt25228.37h75 id:zkl9d22e
ERROR: Faulty record in data_c1.txt13243.51b41 id:0ueo7kzt
ERROR: Faulty record in data_c1.txt23090.29C3 id:usaveb2g
ERROR: Faulty record in data_c1.txt26957.0911F96 id:4d8g94r5
ERROR: Faulty record in data_c1.txt24588.842039T7 id:o6yqo25l
ERROR: Faulty record in data_c1.txt22033.75I54 id:7c35wj5m
ERROR: Faulty record in data_c1.txt931.814449Q33 id:3h31lnhd
ERROR: Faulty record in data_c1.txt24425.4586s65 id:p3g5j7b1
ERROR: Faulty record in data_c1.txt16436.499p77 id:oomgdzze
ERROR: Faulty record in data_c1.txt37859.921209I77 id:uo1r90sd
ERROR: Faulty record in data_c1.txt20721.42817N25 id:al2mxq2s
ERROR: Faulty record in data_c1.txt7285.4461z21 id:kclv1sns
ERROR: Faulty record in data_c1.txt31144.32596H31 id:ps1jq6kd
ERROR: Faulty record in data_c1.txt32592.70379T56 id:4sfx0dct
ERROR: Faulty record in data_c1.txt29171.639a46 id:6jinwdxj
ERROR: Faulty record in data_c1.txt15009.7465K53 id:qj02stxa
ERROR: Faulty record in data_c1.txt22200.958A53 id:l44n00pb
ERROR: Faulty record in data_c1.txt12316.84Q32 id:3dj0a696
ERROR: Faulty record in data_c1.txt13856.256i11 id:fwa7fbr3
ERROR: Faulty record in data_c1.txt30310.26172X82 id:2p09de7r
ERROR: Faulty record in data_c1.txt22572.334c1 id:ekhc90vv
ERROR: Faulty record in data_c1.txt38179.0001q91 id:dgw183p0
ERROR: Faulty record in data_c1.txt25426.98N98 id:nfnc6i1t
ERROR: Faulty record in data_c1.txt42736.1Y27 id:0vhajutd
ERROR: Faulty record in data_c1.txt4614.66R21 id:oyysneka
ERROR: Faulty record in data_c1.txt14327.8214X31 id:hzswisll
ERROR: Faulty record in data_c1.txt19793.02Z72 id:kwaxxbqt
ERROR: Faulty record in data_c1.txt16098.04886D5 id:sd3nschs
ERROR: Faulty record in data_c1.txt13728.569106S46 id:qfywsbj6
ERROR: Faulty record in data_c1.txt26065.904354v69 id:8a9c8x36
ERROR: Faulty record in data_c1.txt23375.024701P20 id:7ete2vap
ERROR: Faulty record in data_c1.txt47089.68041C61 id:05rcrssp
ERROR: Faulty record in data_c1.txt37490.262815d4 id:vzr69mzj
ERROR: Faulty record in data_c1.txt19559.578a12 id:v3je2h5u
ERROR: Faulty record in data_c1.txt36527.002777F51 id:kwraajhc
ERROR: Faulty record in data_c1.txt20396.69P19 id:3oygfys7
ERROR: Faulty record in data_c1.txt6977.74t65 id:paktdbmg
ERROR: Faulty record in data_c1.txt17615.469714N14 id:rhphjyvg
ERROR: Faulty record in data_c1.txt9759.66H35 id:552l4rtd
ERROR: Faulty record in data_c1.txt36387.006h67 id:hw1yrg64
ERROR: Faulty record in data_c1.txt2584.068745g71 id:76wu9h92
ERROR: Faulty record in data_c1.txt18765.0564o24 id:ml3d83oz
ERROR: Faulty record in data_c1.txt34748.37849s50 id:z2agw20f
ERROR: Faulty record in data_c1.txt43752.25976Y22 id:7nfll52s
ERROR: Faulty record in data_c1.txt26869.366f16 id:bsl0q2io
ERROR: Faulty record in data_c1.txt43109.503545t54 id:qdixq1cl
ERROR: Faulty record in data_c1.txt18322.285098F68 id:g9mle0p1
ERROR: Faulty record in data_c1.txt13269.2147z83 id:ojuso4nx
ERROR: Faulty record in data_c1.txt1097.63919k73 id:i8gjf30z
ERROR: Faulty record in data_c1.txt14132.209117C16 id:upvlnite
ERROR: Faulty record in data_c1.txt43687.233y82 id:s4kmofje
ERROR: Faulty record in data_c1.txt28820.4452o27 id:slxmsg1y
ERROR: Faulty record in data_c1.txt20051.0271W55 id:ii9arf4k
ERROR: Faulty record in data_c1.txt3717.393r15 id:w69pd6w5
ERROR: Faulty record in data_c1.txt54239.68n12 id:g8wgeyrh
ERROR: Faulty record in data_c1.txt8520.8747b39 id:oqha43da
ERROR: Faulty record in data_c1.txt8141.7173X65 id:q345sijn
ERROR: Faulty record in data_c1.txt11514.90945I55 id:bjtatuz8
ERROR: Faulty record in data_c1.txt17101.548f9 id:41p736ft
ERROR: Faulty record in data_c1.txt19887.92085j86 id:v0qqntb1
ERROR: Faulty record in data_c1.txt23731.31865R86 id:z8wapppz
ERROR: Faulty record in data_c1.txt15679.68i79 id:x40yy3jf
ERROR: Faulty record in data_c1.txt9161.02l6 id:w2tfbpjb
ERROR: Faulty record in data_c1.txt9715.2718j27 id:vo2p14a8
ERROR: Faulty record in data_c1.txt5114.2591k55 id:e82e1mto
ERROR: Faulty record in data_c1.txt27181.21H83 id:otsszal6
ERROR: Faulty record in data_c1.txt3653.471c86 id:yfe6l211
ERROR: Faulty record in data_c1.txt4123.171199R93 id:fztuncv6
ERROR: Faulty record in data_c1.txt42758.697733q52 id:c83n9q8l
ERROR: Faulty record in data_c1.txt8472.564t32 id:aqgbaifs
ERROR: Faulty record in data_c1.txt8951.74g21 id:5toakdwn
ERROR: Faulty record in data_c1.txt32377.518h76 id:mc5dswiv
ERROR: Faulty record in data_c1.txt26348.565724K76 id:qcdvaqjh
ERROR: Faulty record in data_c1.txt31375.99951Q96 id:w42hyzf1
ERROR: Faulty record in data_c1.txt30527.42638S13 id:plvzym7b
ERROR: Faulty record in data_c1.txt10079.12709r64 id:a1bibcj3
ERROR: Faulty record in data_c1.txt24880.1349u93 id:2827rnso
ERROR: Faulty record in data_c1.txt21073.39f56 id:w4bq20iq
ERROR: Faulty record in data_c1.txt24373.037142t31 id:c8wo81jp
ERROR: Faulty record in data_c1.txt48260.37Q71 id:dnhssco7
ERROR: Faulty record in data_c1.txt12032.146d4 id:6ofjxfvl
ERROR: Faulty record in data_c1.txt27850.3641o46 id:m9b3wurx
ERROR: Faulty record in data_c1.txt48408.15V27 id:gnht5f6o
ERROR: Faulty record in data_c1.txt22600.0299B53 id:4byntj6z
ERROR: Faulty record in data_c1.txt6028.15v62 id:owgb4sr3
ERROR: Faulty record in data_c1.txt6810.48D27 id:srmla70d
ERROR: Faulty record in data_c1.txt35859.587C54 id:3keeiqvr
ERROR: Faulty record in data_c1.txt19256.53948m6 id:hympslxs
ERROR: Faulty record in data_c1.txt8275.205k90 id:gczt2pbs
ERROR: Faulty record in data_c1.txt33610.569034y27 id:amlce666
ERROR: Faulty record in data_c1.txt18204.788769z46 id:t1ad9q94
ERROR: Faulty record in data_c1.txt27109.44G54 id:6bg3ep45
ERROR: Faulty record in data_c1.txt11236.56327d28 id:jjrqu3s0
ERROR: Faulty record in data_c1.txt25488.2481O45 id:43jpp7ns
ERROR: Faulty record in data_c1.txt39204.2849l12 id:0gfsb77t
ERROR: Faulty record in data_c1.txt9412.964277T89 id:wlqebnje
ERROR: Faulty record in data_c1.txt31635.383919n93 id:dxchaljj
ERROR: Faulty record in data_c1.txt21836.939B83 id:d6if64ep
ERROR: Faulty record in data_c1.txt31890.019C28 id:v21rle1n
ERROR: Faulty record in data_c1.txt5877.69Z86 id:m3qdbgzb
ERROR: Faulty record in data_c1.txt15219.068W8 id:v7guk5r9
ERROR: Faulty record in data_c1.txt33886.727336I37 id:1em8c86t
ERROR: Faulty record in data_c1.txt23802.85P66 id:lia1h3um
ERROR: Faulty record in data_c1.txt11805.7601b35 id:6i9lpl98
ERROR: Faulty record in data_c1.txt25882.186K9 id:ux36e0rs
ERROR: Faulty record in data_c1.txt11798.40011G90 id:p4ul5y4e
ERROR: Faulty record in data_c1.txt31704.9216b48 id:p4et0ka8
ERROR: Faulty record in data_c1.txt14403.1617M89 id:d5bkec55
ERROR: Faulty record in data_c1.txt6539.15906p92 id:e3euwnb4
ERROR: Faulty record in data_c1.txt3066.54J16 id:xv0iqpp4
ERROR: Faulty record in data_c1.txt33766.15v12 id:8hd1lrw6
ERROR: Faulty record in data_c1.txt13805.787179y15 id:tjljh12l
ERROR: Faulty record in data_c1.txt34164.15605b72 id:8zbxtvbi
ERROR: Faulty record in data_c1.txt14781.3356w82 id:b11094oi
ERROR: Faulty record in data_c1.txt15944.78l7 id:1x58lx23
ERROR: Faulty record in data_c1.txt19354.8103W20 id:41qgciyh
ERROR: Faulty record in data_c1.txt16999.29164a9 id:xtl3tru3
ERROR: Faulty record in data_c1.txt23823.77r13 id:zp4fjn41
ERROR: Faulty record in data_c1.txt27370.5401k0 id:b7y560si
ERROR: Faulty record in data_c1.txt14034.538022v42 id:7063gbo1
ERROR: Faulty record in data_c1.txt5508.2862K62 id:nmyhwtar
ERROR: Faulty record in data_c1.txt45252.426n64 id:7fipvg5g
ERROR: Faulty record in data_c1.txt7078.51B26 id:i78p853o
ERROR: Faulty record in data_c1.txt14616.26145p84 id:syyb102x
ERROR: Faulty record in data_c1.txt40004.319Z74 id:tm2wz2y9
ERROR: Faulty record in data_c1.txt41457.5225n66 id:m4w80kro
ERROR: Faulty record in data_c1.txt21810.45019z14 id:l2vgdbeo
ERROR: Faulty record in data_c1.txt13083.3291O17 id:3kt2jnby
ERROR: Faulty record in data_c1.txt48613.8255H17 id:goikvxds
ERROR: Faulty record in data_c1.txt1777.4541K56 id:r75wjcdp
ERROR: Faulty record in data_c1.txt26782.7784L77 id:3umz26bh
ERROR: Faulty record in data_c1.txt15841.06o19 id:36o004xu
ERROR: Faulty record in data_c1.txt21443.85702G2 id:0zs9od1g
ERROR: Faulty record in data_c1.txt15689.636427v89 id:skyrfdqi
ERROR: Faulty record in data_c1.txt26496.55z25 id:ledv56ey
ERROR: Faulty record in data_c1.txt6525.570531D78 id:r47cbca1
ERROR: Faulty record in data_c1.txt25325.3129a90 id:dwsk490f
ERROR: Faulty record in data_c1.txt7676.6Z81 id:ozpznvn5
ERROR: Faulty record in data_c1.txt33257.203513z46 id:l83wounu
ERROR: Faulty record in data_c1.txt14152.064522i85 id:re5ptooo
ERROR: Faulty record in data_c1.txt40563.69y14 id:5uz25h8d
ERROR: Faulty record in data_c1.txt20979.60503F0 id:4pu06w19
ERROR: Faulty record in data_c1.txt23473.77s77 id:pastsmof
ERROR: Faulty record in data_c1.txt28657.05K13 id:3j5xsma8
ERROR: Faulty record in data_c1.txt26501.3534Q0 id:upcqu5lq
ERROR: Faulty record in data_c1.txt38919.18P92 id:8bftmwh9
ERROR: Faulty record in data_c1.txt2688.734431n29 id:d6jly8mq
ERROR: Faulty record in data_c1.txt36861.721641I82 id:tn73j71t
ERROR: Faulty record in data_c1.txt5103.67g17 id:4erfhidi
ERROR: Faulty record in data_c1.txt11038.328596G7 id:ujw6zv64
ERROR: Faulty record in data_c1.txt25193.7643f80 id:43hzfnoj
ERROR: Faulty record in data_c1.txt8782.564671S41 id:1rpg8ag1
ERROR: Faulty record in data_c1.txt7253.877L91 id:pfacsufm
ERROR: Faulty record in data_c1.txt31431.726n33 id:i24zcjhb
ERROR: Faulty record in data_c1.txt28178.590692y46 id:02fd0mc4
